<?xml version="1.0" encoding="utf-8"?>
<checkstyle version="4.3">
	<file name="/Users/admin/Desktop/Jenkins/workspace/TestFlight/flappy felipe/AnimationComponent.swift">
		<error line="71" column="5" severity="warning" message="if,for,while,do statements shouldn&apos;t wrap their conditionals in parentheses."/>
	</file>
	<file name="/Users/admin/Desktop/Jenkins/workspace/TestFlight/flappy felipe/AnimationComponent.swift">
		<error line="27" column="0" severity="warning" message="Lines should not have trailing whitespace."/>
	</file>
	<file name="/Users/admin/Desktop/Jenkins/workspace/TestFlight/flappy felipe/AnimationComponent.swift">
		<error line="30" column="0" severity="warning" message="Lines should not have trailing whitespace."/>
	</file>
	<file name="/Users/admin/Desktop/Jenkins/workspace/TestFlight/flappy felipe/AnimationComponent.swift">
		<error line="34" column="0" severity="warning" message="Lines should not have trailing whitespace."/>
	</file>
	<file name="/Users/admin/Desktop/Jenkins/workspace/TestFlight/flappy felipe/AnimationComponent.swift">
		<error line="41" column="0" severity="warning" message="Lines should not have trailing whitespace."/>
	</file>
	<file name="/Users/admin/Desktop/Jenkins/workspace/TestFlight/flappy felipe/AnimationComponent.swift">
		<error line="51" column="0" severity="warning" message="Lines should not have trailing whitespace."/>
	</file>
	<file name="/Users/admin/Desktop/Jenkins/workspace/TestFlight/flappy felipe/AnimationComponent.swift">
		<error line="59" column="0" severity="warning" message="Lines should not have trailing whitespace."/>
	</file>
	<file name="/Users/admin/Desktop/Jenkins/workspace/TestFlight/flappy felipe/AnimationComponent.swift">
		<error line="64" column="0" severity="warning" message="Lines should not have trailing whitespace."/>
	</file>
	<file name="/Users/admin/Desktop/Jenkins/workspace/TestFlight/flappy felipe/AnimationComponent.swift">
		<error line="69" column="0" severity="warning" message="Lines should not have trailing whitespace."/>
	</file>
	<file name="/Users/admin/Desktop/Jenkins/workspace/TestFlight/flappy felipe/AnimationComponent.swift">
		<error line="77" column="0" severity="warning" message="Lines should not have trailing whitespace."/>
	</file>
	<file name="/Users/admin/Desktop/Jenkins/workspace/TestFlight/flappy felipe/AnimationComponent.swift">
		<error line="29" column="17" severity="warning" message="Shorthand syntactic sugar should be used, i.e. [Int] instead of Array&lt;Int&gt;"/>
	</file>
	<file name="/Users/admin/Desktop/Jenkins/workspace/TestFlight/flappy felipe/AnimationComponent.swift">
		<error line="31" column="36" severity="warning" message="Shorthand syntactic sugar should be used, i.e. [Int] instead of Array&lt;Int&gt;"/>
	</file>
	<file name="/Users/admin/Desktop/Jenkins/workspace/TestFlight/flappy felipe/AppDelegate.swift">
		<error line="30" column="0" severity="warning" message="Limit vertical whitespace to a single empty line. Currently 2."/>
	</file>
	<file name="/Users/admin/Desktop/Jenkins/workspace/TestFlight/flappy felipe/AppDelegate.swift">
		<error line="59" column="0" severity="warning" message="Limit vertical whitespace to a single empty line. Currently 2."/>
	</file>
	<file name="/Users/admin/Desktop/Jenkins/workspace/TestFlight/flappy felipe/AppDelegate.swift">
		<error line="27" column="0" severity="warning" message="Lines should not have trailing whitespace."/>
	</file>
	<file name="/Users/admin/Desktop/Jenkins/workspace/TestFlight/flappy felipe/AppDelegate.swift">
		<error line="29" column="0" severity="warning" message="Lines should not have trailing whitespace."/>
	</file>
	<file name="/Users/admin/Desktop/Jenkins/workspace/TestFlight/flappy felipe/AppDelegate.swift">
		<error line="30" column="0" severity="warning" message="Lines should not have trailing whitespace."/>
	</file>
	<file name="/Users/admin/Desktop/Jenkins/workspace/TestFlight/flappy felipe/AppDelegate.swift">
		<error line="36" column="0" severity="warning" message="Lines should not have trailing whitespace."/>
	</file>
	<file name="/Users/admin/Desktop/Jenkins/workspace/TestFlight/flappy felipe/AppDelegate.swift">
		<error line="41" column="0" severity="warning" message="Lines should not have trailing whitespace."/>
	</file>
	<file name="/Users/admin/Desktop/Jenkins/workspace/TestFlight/flappy felipe/AppDelegate.swift">
		<error line="46" column="0" severity="warning" message="Lines should not have trailing whitespace."/>
	</file>
	<file name="/Users/admin/Desktop/Jenkins/workspace/TestFlight/flappy felipe/AppDelegate.swift">
		<error line="50" column="0" severity="warning" message="Lines should not have trailing whitespace."/>
	</file>
	<file name="/Users/admin/Desktop/Jenkins/workspace/TestFlight/flappy felipe/AppDelegate.swift">
		<error line="54" column="0" severity="warning" message="Lines should not have trailing whitespace."/>
	</file>
	<file name="/Users/admin/Desktop/Jenkins/workspace/TestFlight/flappy felipe/AppDelegate.swift">
		<error line="58" column="0" severity="warning" message="Lines should not have trailing whitespace."/>
	</file>
	<file name="/Users/admin/Desktop/Jenkins/workspace/TestFlight/flappy felipe/AppDelegate.swift">
		<error line="59" column="0" severity="warning" message="Lines should not have trailing whitespace."/>
	</file>
	<file name="/Users/admin/Desktop/Jenkins/workspace/TestFlight/flappy felipe/AppDelegate.swift">
		<error line="61" column="0" severity="warning" message="Files should have a single trailing newline."/>
	</file>
	<file name="/Users/admin/Desktop/Jenkins/workspace/TestFlight/flappy felipe/AppDelegate.swift">
		<error line="31" column="0" severity="warning" message="Line should be 120 characters or less: currently 142 characters"/>
	</file>
	<file name="/Users/admin/Desktop/Jenkins/workspace/TestFlight/flappy felipe/AppDelegate.swift">
		<error line="38" column="0" severity="error" message="Line should be 120 characters or less: currently 281 characters"/>
	</file>
	<file name="/Users/admin/Desktop/Jenkins/workspace/TestFlight/flappy felipe/AppDelegate.swift">
		<error line="39" column="0" severity="warning" message="Line should be 120 characters or less: currently 151 characters"/>
	</file>
	<file name="/Users/admin/Desktop/Jenkins/workspace/TestFlight/flappy felipe/AppDelegate.swift">
		<error line="43" column="0" severity="error" message="Line should be 120 characters or less: currently 214 characters"/>
	</file>
	<file name="/Users/admin/Desktop/Jenkins/workspace/TestFlight/flappy felipe/AppDelegate.swift">
		<error line="44" column="0" severity="warning" message="Line should be 120 characters or less: currently 137 characters"/>
	</file>
	<file name="/Users/admin/Desktop/Jenkins/workspace/TestFlight/flappy felipe/AppDelegate.swift">
		<error line="48" column="0" severity="warning" message="Line should be 120 characters or less: currently 153 characters"/>
	</file>
	<file name="/Users/admin/Desktop/Jenkins/workspace/TestFlight/flappy felipe/AppDelegate.swift">
		<error line="52" column="0" severity="warning" message="Line should be 120 characters or less: currently 190 characters"/>
	</file>
	<file name="/Users/admin/Desktop/Jenkins/workspace/TestFlight/flappy felipe/AppDelegate.swift">
		<error line="56" column="0" severity="warning" message="Line should be 120 characters or less: currently 124 characters"/>
	</file>
	<file name="/Users/admin/Desktop/Jenkins/workspace/TestFlight/flappy felipe/FallingState.swift">
		<error line="33" column="24" severity="error" message="Force casts should be avoided."/>
	</file>
	<file name="/Users/admin/Desktop/Jenkins/workspace/TestFlight/flappy felipe/FallingState.swift">
		<error line="28" column="0" severity="warning" message="Lines should not have trailing whitespace."/>
	</file>
	<file name="/Users/admin/Desktop/Jenkins/workspace/TestFlight/flappy felipe/FallingState.swift">
		<error line="31" column="0" severity="warning" message="Lines should not have trailing whitespace."/>
	</file>
	<file name="/Users/admin/Desktop/Jenkins/workspace/TestFlight/flappy felipe/FallingState.swift">
		<error line="36" column="0" severity="warning" message="Lines should not have trailing whitespace."/>
	</file>
	<file name="/Users/admin/Desktop/Jenkins/workspace/TestFlight/flappy felipe/FallingState.swift">
		<error line="38" column="0" severity="warning" message="Lines should not have trailing whitespace."/>
	</file>
	<file name="/Users/admin/Desktop/Jenkins/workspace/TestFlight/flappy felipe/FallingState.swift">
		<error line="42" column="0" severity="warning" message="Lines should not have trailing whitespace."/>
	</file>
	<file name="/Users/admin/Desktop/Jenkins/workspace/TestFlight/flappy felipe/FallingState.swift">
		<error line="48" column="0" severity="warning" message="Lines should not have trailing whitespace."/>
	</file>
	<file name="/Users/admin/Desktop/Jenkins/workspace/TestFlight/flappy felipe/FallingState.swift">
		<error line="50" column="0" severity="warning" message="Lines should not have trailing whitespace."/>
	</file>
	<file name="/Users/admin/Desktop/Jenkins/workspace/TestFlight/flappy felipe/FallingState.swift">
		<error line="54" column="0" severity="warning" message="Lines should not have trailing whitespace."/>
	</file>
	<file name="/Users/admin/Desktop/Jenkins/workspace/TestFlight/flappy felipe/FallingState.swift">
		<error line="58" column="0" severity="warning" message="Lines should not have trailing whitespace."/>
	</file>
	<file name="/Users/admin/Desktop/Jenkins/workspace/TestFlight/flappy felipe/FallingState.swift">
		<error line="60" column="0" severity="warning" message="Lines should not have trailing whitespace."/>
	</file>
	<file name="/Users/admin/Desktop/Jenkins/workspace/TestFlight/flappy felipe/FallingState.swift">
		<error line="40" column="0" severity="warning" message="Line should be 120 characters or less: currently 125 characters"/>
	</file>
	<file name="/Users/admin/Desktop/Jenkins/workspace/TestFlight/flappy felipe/GameOverState.swift">
		<error line="33" column="24" severity="error" message="Force casts should be avoided."/>
	</file>
	<file name="/Users/admin/Desktop/Jenkins/workspace/TestFlight/flappy felipe/GameOverState.swift">
		<error line="65" column="3" severity="warning" message="Function body should span 40 lines or less excluding comments and whitespace: currently spans 79 lines"/>
	</file>
	<file name="/Users/admin/Desktop/Jenkins/workspace/TestFlight/flappy felipe/GameOverState.swift">
		<error line="28" column="0" severity="warning" message="Lines should not have trailing whitespace."/>
	</file>
	<file name="/Users/admin/Desktop/Jenkins/workspace/TestFlight/flappy felipe/GameOverState.swift">
		<error line="31" column="0" severity="warning" message="Lines should not have trailing whitespace."/>
	</file>
	<file name="/Users/admin/Desktop/Jenkins/workspace/TestFlight/flappy felipe/GameOverState.swift">
		<error line="36" column="0" severity="warning" message="Lines should not have trailing whitespace."/>
	</file>
	<file name="/Users/admin/Desktop/Jenkins/workspace/TestFlight/flappy felipe/GameOverState.swift">
		<error line="40" column="0" severity="warning" message="Lines should not have trailing whitespace."/>
	</file>
	<file name="/Users/admin/Desktop/Jenkins/workspace/TestFlight/flappy felipe/GameOverState.swift">
		<error line="42" column="0" severity="warning" message="Lines should not have trailing whitespace."/>
	</file>
	<file name="/Users/admin/Desktop/Jenkins/workspace/TestFlight/flappy felipe/GameOverState.swift">
		<error line="45" column="0" severity="warning" message="Lines should not have trailing whitespace."/>
	</file>
	<file name="/Users/admin/Desktop/Jenkins/workspace/TestFlight/flappy felipe/GameOverState.swift">
		<error line="49" column="0" severity="warning" message="Lines should not have trailing whitespace."/>
	</file>
	<file name="/Users/admin/Desktop/Jenkins/workspace/TestFlight/flappy felipe/GameOverState.swift">
		<error line="51" column="0" severity="warning" message="Lines should not have trailing whitespace."/>
	</file>
	<file name="/Users/admin/Desktop/Jenkins/workspace/TestFlight/flappy felipe/GameOverState.swift">
		<error line="53" column="0" severity="warning" message="Lines should not have trailing whitespace."/>
	</file>
	<file name="/Users/admin/Desktop/Jenkins/workspace/TestFlight/flappy felipe/GameOverState.swift">
		<error line="55" column="0" severity="warning" message="Lines should not have trailing whitespace."/>
	</file>
	<file name="/Users/admin/Desktop/Jenkins/workspace/TestFlight/flappy felipe/GameOverState.swift">
		<error line="60" column="0" severity="warning" message="Lines should not have trailing whitespace."/>
	</file>
	<file name="/Users/admin/Desktop/Jenkins/workspace/TestFlight/flappy felipe/GameOverState.swift">
		<error line="64" column="0" severity="warning" message="Lines should not have trailing whitespace."/>
	</file>
	<file name="/Users/admin/Desktop/Jenkins/workspace/TestFlight/flappy felipe/GameOverState.swift">
		<error line="69" column="0" severity="warning" message="Lines should not have trailing whitespace."/>
	</file>
	<file name="/Users/admin/Desktop/Jenkins/workspace/TestFlight/flappy felipe/GameOverState.swift">
		<error line="75" column="0" severity="warning" message="Lines should not have trailing whitespace."/>
	</file>
	<file name="/Users/admin/Desktop/Jenkins/workspace/TestFlight/flappy felipe/GameOverState.swift">
		<error line="82" column="0" severity="warning" message="Lines should not have trailing whitespace."/>
	</file>
	<file name="/Users/admin/Desktop/Jenkins/workspace/TestFlight/flappy felipe/GameOverState.swift">
		<error line="89" column="0" severity="warning" message="Lines should not have trailing whitespace."/>
	</file>
	<file name="/Users/admin/Desktop/Jenkins/workspace/TestFlight/flappy felipe/GameOverState.swift">
		<error line="94" column="0" severity="warning" message="Lines should not have trailing whitespace."/>
	</file>
	<file name="/Users/admin/Desktop/Jenkins/workspace/TestFlight/flappy felipe/GameOverState.swift">
		<error line="99" column="0" severity="warning" message="Lines should not have trailing whitespace."/>
	</file>
	<file name="/Users/admin/Desktop/Jenkins/workspace/TestFlight/flappy felipe/GameOverState.swift">
		<error line="104" column="0" severity="warning" message="Lines should not have trailing whitespace."/>
	</file>
	<file name="/Users/admin/Desktop/Jenkins/workspace/TestFlight/flappy felipe/GameOverState.swift">
		<error line="109" column="0" severity="warning" message="Lines should not have trailing whitespace."/>
	</file>
	<file name="/Users/admin/Desktop/Jenkins/workspace/TestFlight/flappy felipe/GameOverState.swift">
		<error line="114" column="0" severity="warning" message="Lines should not have trailing whitespace."/>
	</file>
	<file name="/Users/admin/Desktop/Jenkins/workspace/TestFlight/flappy felipe/GameOverState.swift">
		<error line="127" column="0" severity="warning" message="Lines should not have trailing whitespace."/>
	</file>
	<file name="/Users/admin/Desktop/Jenkins/workspace/TestFlight/flappy felipe/GameOverState.swift">
		<error line="135" column="0" severity="warning" message="Lines should not have trailing whitespace."/>
	</file>
	<file name="/Users/admin/Desktop/Jenkins/workspace/TestFlight/flappy felipe/GameOverState.swift">
		<error line="144" column="0" severity="warning" message="Lines should not have trailing whitespace."/>
	</file>
	<file name="/Users/admin/Desktop/Jenkins/workspace/TestFlight/flappy felipe/GameOverState.swift">
		<error line="154" column="0" severity="warning" message="Lines should not have trailing whitespace."/>
	</file>
	<file name="/Users/admin/Desktop/Jenkins/workspace/TestFlight/flappy felipe/GameOverState.swift">
		<error line="157" column="0" severity="warning" message="Lines should not have trailing whitespace."/>
	</file>
	<file name="/Users/admin/Desktop/Jenkins/workspace/TestFlight/flappy felipe/GameOverState.swift">
		<error line="163" column="0" severity="warning" message="Lines should not have trailing whitespace."/>
	</file>
	<file name="/Users/admin/Desktop/Jenkins/workspace/TestFlight/flappy felipe/GameOverState.swift">
		<error line="166" column="0" severity="warning" message="Lines should not have trailing whitespace."/>
	</file>
	<file name="/Users/admin/Desktop/Jenkins/workspace/TestFlight/flappy felipe/GameOverState.swift">
		<error line="91" column="0" severity="warning" message="Line should be 120 characters or less: currently 144 characters"/>
	</file>
	<file name="/Users/admin/Desktop/Jenkins/workspace/TestFlight/flappy felipe/GameOverState.swift">
		<error line="96" column="0" severity="warning" message="Line should be 120 characters or less: currently 149 characters"/>
	</file>
	<file name="/Users/admin/Desktop/Jenkins/workspace/TestFlight/flappy felipe/GameOverState.swift">
		<error line="106" column="0" severity="warning" message="Line should be 120 characters or less: currently 155 characters"/>
	</file>
	<file name="/Users/admin/Desktop/Jenkins/workspace/TestFlight/flappy felipe/GameScene.swift">
		<error line="215" column="71" severity="warning" message="Unused parameter &quot;stop&quot; in a closure should be replaced with _."/>
	</file>
	<file name="/Users/admin/Desktop/Jenkins/workspace/TestFlight/flappy felipe/GameScene.swift">
		<error line="344" column="71" severity="warning" message="Unused parameter &quot;stop&quot; in a closure should be replaced with _."/>
	</file>
	<file name="/Users/admin/Desktop/Jenkins/workspace/TestFlight/flappy felipe/GameScene.swift">
		<error line="363" column="74" severity="warning" message="Unused parameter &quot;stop&quot; in a closure should be replaced with _."/>
	</file>
	<file name="/Users/admin/Desktop/Jenkins/workspace/TestFlight/flappy felipe/GameScene.swift">
		<error line="52" column="0" severity="warning" message="Lines should not have trailing whitespace."/>
	</file>
	<file name="/Users/admin/Desktop/Jenkins/workspace/TestFlight/flappy felipe/GameScene.swift">
		<error line="55" column="0" severity="warning" message="Lines should not have trailing whitespace."/>
	</file>
	<file name="/Users/admin/Desktop/Jenkins/workspace/TestFlight/flappy felipe/GameScene.swift">
		<error line="57" column="0" severity="warning" message="Lines should not have trailing whitespace."/>
	</file>
	<file name="/Users/admin/Desktop/Jenkins/workspace/TestFlight/flappy felipe/GameScene.swift">
		<error line="60" column="0" severity="warning" message="Lines should not have trailing whitespace."/>
	</file>
	<file name="/Users/admin/Desktop/Jenkins/workspace/TestFlight/flappy felipe/GameScene.swift">
		<error line="63" column="0" severity="warning" message="Lines should not have trailing whitespace."/>
	</file>
	<file name="/Users/admin/Desktop/Jenkins/workspace/TestFlight/flappy felipe/GameScene.swift">
		<error line="66" column="0" severity="warning" message="Lines should not have trailing whitespace."/>
	</file>
	<file name="/Users/admin/Desktop/Jenkins/workspace/TestFlight/flappy felipe/GameScene.swift">
		<error line="68" column="0" severity="warning" message="Lines should not have trailing whitespace."/>
	</file>
	<file name="/Users/admin/Desktop/Jenkins/workspace/TestFlight/flappy felipe/GameScene.swift">
		<error line="71" column="0" severity="warning" message="Lines should not have trailing whitespace."/>
	</file>
	<file name="/Users/admin/Desktop/Jenkins/workspace/TestFlight/flappy felipe/GameScene.swift">
		<error line="73" column="0" severity="warning" message="Lines should not have trailing whitespace."/>
	</file>
	<file name="/Users/admin/Desktop/Jenkins/workspace/TestFlight/flappy felipe/GameScene.swift">
		<error line="76" column="0" severity="warning" message="Lines should not have trailing whitespace."/>
	</file>
	<file name="/Users/admin/Desktop/Jenkins/workspace/TestFlight/flappy felipe/GameScene.swift">
		<error line="84" column="0" severity="warning" message="Lines should not have trailing whitespace."/>
	</file>
	<file name="/Users/admin/Desktop/Jenkins/workspace/TestFlight/flappy felipe/GameScene.swift">
		<error line="87" column="0" severity="warning" message="Lines should not have trailing whitespace."/>
	</file>
	<file name="/Users/admin/Desktop/Jenkins/workspace/TestFlight/flappy felipe/GameScene.swift">
		<error line="90" column="0" severity="warning" message="Lines should not have trailing whitespace."/>
	</file>
	<file name="/Users/admin/Desktop/Jenkins/workspace/TestFlight/flappy felipe/GameScene.swift">
		<error line="93" column="0" severity="warning" message="Lines should not have trailing whitespace."/>
	</file>
	<file name="/Users/admin/Desktop/Jenkins/workspace/TestFlight/flappy felipe/GameScene.swift">
		<error line="95" column="0" severity="warning" message="Lines should not have trailing whitespace."/>
	</file>
	<file name="/Users/admin/Desktop/Jenkins/workspace/TestFlight/flappy felipe/GameScene.swift">
		<error line="101" column="0" severity="warning" message="Lines should not have trailing whitespace."/>
	</file>
	<file name="/Users/admin/Desktop/Jenkins/workspace/TestFlight/flappy felipe/GameScene.swift">
		<error line="105" column="0" severity="warning" message="Lines should not have trailing whitespace."/>
	</file>
	<file name="/Users/admin/Desktop/Jenkins/workspace/TestFlight/flappy felipe/GameScene.swift">
		<error line="107" column="0" severity="warning" message="Lines should not have trailing whitespace."/>
	</file>
	<file name="/Users/admin/Desktop/Jenkins/workspace/TestFlight/flappy felipe/GameScene.swift">
		<error line="110" column="0" severity="warning" message="Lines should not have trailing whitespace."/>
	</file>
	<file name="/Users/admin/Desktop/Jenkins/workspace/TestFlight/flappy felipe/GameScene.swift">
		<error line="116" column="0" severity="warning" message="Lines should not have trailing whitespace."/>
	</file>
	<file name="/Users/admin/Desktop/Jenkins/workspace/TestFlight/flappy felipe/GameScene.swift">
		<error line="120" column="0" severity="warning" message="Lines should not have trailing whitespace."/>
	</file>
	<file name="/Users/admin/Desktop/Jenkins/workspace/TestFlight/flappy felipe/GameScene.swift">
		<error line="126" column="0" severity="warning" message="Lines should not have trailing whitespace."/>
	</file>
	<file name="/Users/admin/Desktop/Jenkins/workspace/TestFlight/flappy felipe/GameScene.swift">
		<error line="128" column="0" severity="warning" message="Lines should not have trailing whitespace."/>
	</file>
	<file name="/Users/admin/Desktop/Jenkins/workspace/TestFlight/flappy felipe/GameScene.swift">
		<error line="130" column="0" severity="warning" message="Lines should not have trailing whitespace."/>
	</file>
	<file name="/Users/admin/Desktop/Jenkins/workspace/TestFlight/flappy felipe/GameScene.swift">
		<error line="133" column="0" severity="warning" message="Lines should not have trailing whitespace."/>
	</file>
	<file name="/Users/admin/Desktop/Jenkins/workspace/TestFlight/flappy felipe/GameScene.swift">
		<error line="140" column="0" severity="warning" message="Lines should not have trailing whitespace."/>
	</file>
	<file name="/Users/admin/Desktop/Jenkins/workspace/TestFlight/flappy felipe/GameScene.swift">
		<error line="143" column="0" severity="warning" message="Lines should not have trailing whitespace."/>
	</file>
	<file name="/Users/admin/Desktop/Jenkins/workspace/TestFlight/flappy felipe/GameScene.swift">
		<error line="146" column="0" severity="warning" message="Lines should not have trailing whitespace."/>
	</file>
	<file name="/Users/admin/Desktop/Jenkins/workspace/TestFlight/flappy felipe/GameScene.swift">
		<error line="149" column="0" severity="warning" message="Lines should not have trailing whitespace."/>
	</file>
	<file name="/Users/admin/Desktop/Jenkins/workspace/TestFlight/flappy felipe/GameScene.swift">
		<error line="156" column="0" severity="warning" message="Lines should not have trailing whitespace."/>
	</file>
	<file name="/Users/admin/Desktop/Jenkins/workspace/TestFlight/flappy felipe/GameScene.swift">
		<error line="160" column="0" severity="warning" message="Lines should not have trailing whitespace."/>
	</file>
	<file name="/Users/admin/Desktop/Jenkins/workspace/TestFlight/flappy felipe/GameScene.swift">
		<error line="162" column="0" severity="warning" message="Lines should not have trailing whitespace."/>
	</file>
	<file name="/Users/admin/Desktop/Jenkins/workspace/TestFlight/flappy felipe/GameScene.swift">
		<error line="169" column="0" severity="warning" message="Lines should not have trailing whitespace."/>
	</file>
	<file name="/Users/admin/Desktop/Jenkins/workspace/TestFlight/flappy felipe/GameScene.swift">
		<error line="173" column="0" severity="warning" message="Lines should not have trailing whitespace."/>
	</file>
	<file name="/Users/admin/Desktop/Jenkins/workspace/TestFlight/flappy felipe/GameScene.swift">
		<error line="178" column="0" severity="warning" message="Lines should not have trailing whitespace."/>
	</file>
	<file name="/Users/admin/Desktop/Jenkins/workspace/TestFlight/flappy felipe/GameScene.swift">
		<error line="180" column="0" severity="warning" message="Lines should not have trailing whitespace."/>
	</file>
	<file name="/Users/admin/Desktop/Jenkins/workspace/TestFlight/flappy felipe/GameScene.swift">
		<error line="182" column="0" severity="warning" message="Lines should not have trailing whitespace."/>
	</file>
	<file name="/Users/admin/Desktop/Jenkins/workspace/TestFlight/flappy felipe/GameScene.swift">
		<error line="185" column="0" severity="warning" message="Lines should not have trailing whitespace."/>
	</file>
	<file name="/Users/admin/Desktop/Jenkins/workspace/TestFlight/flappy felipe/GameScene.swift">
		<error line="192" column="0" severity="warning" message="Lines should not have trailing whitespace."/>
	</file>
	<file name="/Users/admin/Desktop/Jenkins/workspace/TestFlight/flappy felipe/GameScene.swift">
		<error line="194" column="0" severity="warning" message="Lines should not have trailing whitespace."/>
	</file>
	<file name="/Users/admin/Desktop/Jenkins/workspace/TestFlight/flappy felipe/GameScene.swift">
		<error line="197" column="0" severity="warning" message="Lines should not have trailing whitespace."/>
	</file>
	<file name="/Users/admin/Desktop/Jenkins/workspace/TestFlight/flappy felipe/GameScene.swift">
		<error line="199" column="0" severity="warning" message="Lines should not have trailing whitespace."/>
	</file>
	<file name="/Users/admin/Desktop/Jenkins/workspace/TestFlight/flappy felipe/GameScene.swift">
		<error line="204" column="0" severity="warning" message="Lines should not have trailing whitespace."/>
	</file>
	<file name="/Users/admin/Desktop/Jenkins/workspace/TestFlight/flappy felipe/GameScene.swift">
		<error line="208" column="0" severity="warning" message="Lines should not have trailing whitespace."/>
	</file>
	<file name="/Users/admin/Desktop/Jenkins/workspace/TestFlight/flappy felipe/GameScene.swift">
		<error line="212" column="0" severity="warning" message="Lines should not have trailing whitespace."/>
	</file>
	<file name="/Users/admin/Desktop/Jenkins/workspace/TestFlight/flappy felipe/GameScene.swift">
		<error line="219" column="0" severity="warning" message="Lines should not have trailing whitespace."/>
	</file>
	<file name="/Users/admin/Desktop/Jenkins/workspace/TestFlight/flappy felipe/GameScene.swift">
		<error line="224" column="0" severity="warning" message="Lines should not have trailing whitespace."/>
	</file>
	<file name="/Users/admin/Desktop/Jenkins/workspace/TestFlight/flappy felipe/GameScene.swift">
		<error line="227" column="0" severity="warning" message="Lines should not have trailing whitespace."/>
	</file>
	<file name="/Users/admin/Desktop/Jenkins/workspace/TestFlight/flappy felipe/GameScene.swift">
		<error line="230" column="0" severity="warning" message="Lines should not have trailing whitespace."/>
	</file>
	<file name="/Users/admin/Desktop/Jenkins/workspace/TestFlight/flappy felipe/GameScene.swift">
		<error line="232" column="0" severity="warning" message="Lines should not have trailing whitespace."/>
	</file>
	<file name="/Users/admin/Desktop/Jenkins/workspace/TestFlight/flappy felipe/GameScene.swift">
		<error line="236" column="0" severity="warning" message="Lines should not have trailing whitespace."/>
	</file>
	<file name="/Users/admin/Desktop/Jenkins/workspace/TestFlight/flappy felipe/GameScene.swift">
		<error line="239" column="0" severity="warning" message="Lines should not have trailing whitespace."/>
	</file>
	<file name="/Users/admin/Desktop/Jenkins/workspace/TestFlight/flappy felipe/GameScene.swift">
		<error line="241" column="0" severity="warning" message="Lines should not have trailing whitespace."/>
	</file>
	<file name="/Users/admin/Desktop/Jenkins/workspace/TestFlight/flappy felipe/GameScene.swift">
		<error line="246" column="0" severity="warning" message="Lines should not have trailing whitespace."/>
	</file>
	<file name="/Users/admin/Desktop/Jenkins/workspace/TestFlight/flappy felipe/GameScene.swift">
		<error line="249" column="0" severity="warning" message="Lines should not have trailing whitespace."/>
	</file>
	<file name="/Users/admin/Desktop/Jenkins/workspace/TestFlight/flappy felipe/GameScene.swift">
		<error line="255" column="0" severity="warning" message="Lines should not have trailing whitespace."/>
	</file>
	<file name="/Users/admin/Desktop/Jenkins/workspace/TestFlight/flappy felipe/GameScene.swift">
		<error line="258" column="0" severity="warning" message="Lines should not have trailing whitespace."/>
	</file>
	<file name="/Users/admin/Desktop/Jenkins/workspace/TestFlight/flappy felipe/GameScene.swift">
		<error line="263" column="0" severity="warning" message="Lines should not have trailing whitespace."/>
	</file>
	<file name="/Users/admin/Desktop/Jenkins/workspace/TestFlight/flappy felipe/GameScene.swift">
		<error line="267" column="0" severity="warning" message="Lines should not have trailing whitespace."/>
	</file>
	<file name="/Users/admin/Desktop/Jenkins/workspace/TestFlight/flappy felipe/GameScene.swift">
		<error line="269" column="0" severity="warning" message="Lines should not have trailing whitespace."/>
	</file>
	<file name="/Users/admin/Desktop/Jenkins/workspace/TestFlight/flappy felipe/GameScene.swift">
		<error line="271" column="0" severity="warning" message="Lines should not have trailing whitespace."/>
	</file>
	<file name="/Users/admin/Desktop/Jenkins/workspace/TestFlight/flappy felipe/GameScene.swift">
		<error line="275" column="0" severity="warning" message="Lines should not have trailing whitespace."/>
	</file>
	<file name="/Users/admin/Desktop/Jenkins/workspace/TestFlight/flappy felipe/GameScene.swift">
		<error line="301" column="0" severity="warning" message="Lines should not have trailing whitespace."/>
	</file>
	<file name="/Users/admin/Desktop/Jenkins/workspace/TestFlight/flappy felipe/GameScene.swift">
		<error line="304" column="0" severity="warning" message="Lines should not have trailing whitespace."/>
	</file>
	<file name="/Users/admin/Desktop/Jenkins/workspace/TestFlight/flappy felipe/GameScene.swift">
		<error line="309" column="0" severity="warning" message="Lines should not have trailing whitespace."/>
	</file>
	<file name="/Users/admin/Desktop/Jenkins/workspace/TestFlight/flappy felipe/GameScene.swift">
		<error line="311" column="0" severity="warning" message="Lines should not have trailing whitespace."/>
	</file>
	<file name="/Users/admin/Desktop/Jenkins/workspace/TestFlight/flappy felipe/GameScene.swift">
		<error line="314" column="0" severity="warning" message="Lines should not have trailing whitespace."/>
	</file>
	<file name="/Users/admin/Desktop/Jenkins/workspace/TestFlight/flappy felipe/GameScene.swift">
		<error line="324" column="0" severity="warning" message="Lines should not have trailing whitespace."/>
	</file>
	<file name="/Users/admin/Desktop/Jenkins/workspace/TestFlight/flappy felipe/GameScene.swift">
		<error line="326" column="0" severity="warning" message="Lines should not have trailing whitespace."/>
	</file>
	<file name="/Users/admin/Desktop/Jenkins/workspace/TestFlight/flappy felipe/GameScene.swift">
		<error line="331" column="0" severity="warning" message="Lines should not have trailing whitespace."/>
	</file>
	<file name="/Users/admin/Desktop/Jenkins/workspace/TestFlight/flappy felipe/GameScene.swift">
		<error line="334" column="0" severity="warning" message="Lines should not have trailing whitespace."/>
	</file>
	<file name="/Users/admin/Desktop/Jenkins/workspace/TestFlight/flappy felipe/GameScene.swift">
		<error line="338" column="0" severity="warning" message="Lines should not have trailing whitespace."/>
	</file>
	<file name="/Users/admin/Desktop/Jenkins/workspace/TestFlight/flappy felipe/GameScene.swift">
		<error line="342" column="0" severity="warning" message="Lines should not have trailing whitespace."/>
	</file>
	<file name="/Users/admin/Desktop/Jenkins/workspace/TestFlight/flappy felipe/GameScene.swift">
		<error line="354" column="0" severity="warning" message="Lines should not have trailing whitespace."/>
	</file>
	<file name="/Users/admin/Desktop/Jenkins/workspace/TestFlight/flappy felipe/GameScene.swift">
		<error line="361" column="0" severity="warning" message="Lines should not have trailing whitespace."/>
	</file>
	<file name="/Users/admin/Desktop/Jenkins/workspace/TestFlight/flappy felipe/GameScene.swift">
		<error line="367" column="0" severity="warning" message="Lines should not have trailing whitespace."/>
	</file>
	<file name="/Users/admin/Desktop/Jenkins/workspace/TestFlight/flappy felipe/GameScene.swift">
		<error line="374" column="0" severity="warning" message="Lines should not have trailing whitespace."/>
	</file>
	<file name="/Users/admin/Desktop/Jenkins/workspace/TestFlight/flappy felipe/GameScene.swift">
		<error line="379" column="0" severity="warning" message="Lines should not have trailing whitespace."/>
	</file>
	<file name="/Users/admin/Desktop/Jenkins/workspace/TestFlight/flappy felipe/GameScene.swift">
		<error line="384" column="0" severity="warning" message="Lines should not have trailing whitespace."/>
	</file>
	<file name="/Users/admin/Desktop/Jenkins/workspace/TestFlight/flappy felipe/GameScene.swift">
		<error line="390" column="0" severity="warning" message="Lines should not have trailing whitespace."/>
	</file>
	<file name="/Users/admin/Desktop/Jenkins/workspace/TestFlight/flappy felipe/GameScene.swift">
		<error line="273" column="32" severity="warning" message="Opening braces should be preceded by a single space and on the same line as the declaration."/>
	</file>
	<file name="/Users/admin/Desktop/Jenkins/workspace/TestFlight/flappy felipe/GameScene.swift">
		<error line="244" column="0" severity="warning" message="Line should be 120 characters or less: currently 166 characters"/>
	</file>
	<file name="/Users/admin/Desktop/Jenkins/workspace/TestFlight/flappy felipe/GameScene.swift">
		<error line="253" column="0" severity="warning" message="Line should be 120 characters or less: currently 192 characters"/>
	</file>
	<file name="/Users/admin/Desktop/Jenkins/workspace/TestFlight/flappy felipe/GameScene.swift">
		<error line="53" column="3" severity="warning" message="Delegates should be weak to avoid reference cycles."/>
	</file>
	<file name="/Users/admin/Desktop/Jenkins/workspace/TestFlight/flappy felipe/GameViewController.swift">
		<error line="27" column="0" severity="warning" message="Lines should not have trailing whitespace."/>
	</file>
	<file name="/Users/admin/Desktop/Jenkins/workspace/TestFlight/flappy felipe/GameViewController.swift">
		<error line="30" column="0" severity="warning" message="Lines should not have trailing whitespace."/>
	</file>
	<file name="/Users/admin/Desktop/Jenkins/workspace/TestFlight/flappy felipe/GameViewController.swift">
		<error line="33" column="0" severity="warning" message="Lines should not have trailing whitespace."/>
	</file>
	<file name="/Users/admin/Desktop/Jenkins/workspace/TestFlight/flappy felipe/GameViewController.swift">
		<error line="37" column="0" severity="warning" message="Lines should not have trailing whitespace."/>
	</file>
	<file name="/Users/admin/Desktop/Jenkins/workspace/TestFlight/flappy felipe/GameViewController.swift">
		<error line="42" column="0" severity="warning" message="Lines should not have trailing whitespace."/>
	</file>
	<file name="/Users/admin/Desktop/Jenkins/workspace/TestFlight/flappy felipe/GameViewController.swift">
		<error line="44" column="0" severity="warning" message="Lines should not have trailing whitespace."/>
	</file>
	<file name="/Users/admin/Desktop/Jenkins/workspace/TestFlight/flappy felipe/GameViewController.swift">
		<error line="49" column="0" severity="warning" message="Lines should not have trailing whitespace."/>
	</file>
	<file name="/Users/admin/Desktop/Jenkins/workspace/TestFlight/flappy felipe/GameViewController.swift">
		<error line="53" column="0" severity="warning" message="Lines should not have trailing whitespace."/>
	</file>
	<file name="/Users/admin/Desktop/Jenkins/workspace/TestFlight/flappy felipe/GameViewController.swift">
		<error line="61" column="0" severity="warning" message="Lines should not have trailing whitespace."/>
	</file>
	<file name="/Users/admin/Desktop/Jenkins/workspace/TestFlight/flappy felipe/GameViewController.swift">
		<error line="66" column="0" severity="warning" message="Lines should not have trailing whitespace."/>
	</file>
	<file name="/Users/admin/Desktop/Jenkins/workspace/TestFlight/flappy felipe/GameViewController.swift">
		<error line="50" column="16" severity="warning" message="Colons should be next to the identifier when specifying a type and next to the key in dictionary literals."/>
	</file>
	<file name="/Users/admin/Desktop/Jenkins/workspace/TestFlight/flappy felipe/GameViewController.swift">
		<error line="36" column="0" severity="warning" message="Line should be 120 characters or less: currently 129 characters"/>
	</file>
	<file name="/Users/admin/Desktop/Jenkins/workspace/TestFlight/flappy felipe/MainMenuState.swift">
		<error line="30" column="24" severity="error" message="Force casts should be avoided."/>
	</file>
	<file name="/Users/admin/Desktop/Jenkins/workspace/TestFlight/flappy felipe/MainMenuState.swift">
		<error line="28" column="0" severity="warning" message="Lines should not have trailing whitespace."/>
	</file>
	<file name="/Users/admin/Desktop/Jenkins/workspace/TestFlight/flappy felipe/MainMenuState.swift">
		<error line="33" column="0" severity="warning" message="Lines should not have trailing whitespace."/>
	</file>
	<file name="/Users/admin/Desktop/Jenkins/workspace/TestFlight/flappy felipe/MainMenuState.swift">
		<error line="38" column="0" severity="warning" message="Lines should not have trailing whitespace."/>
	</file>
	<file name="/Users/admin/Desktop/Jenkins/workspace/TestFlight/flappy felipe/MainMenuState.swift">
		<error line="40" column="0" severity="warning" message="Lines should not have trailing whitespace."/>
	</file>
	<file name="/Users/admin/Desktop/Jenkins/workspace/TestFlight/flappy felipe/MainMenuState.swift">
		<error line="43" column="0" severity="warning" message="Lines should not have trailing whitespace."/>
	</file>
	<file name="/Users/admin/Desktop/Jenkins/workspace/TestFlight/flappy felipe/MainMenuState.swift">
		<error line="45" column="0" severity="warning" message="Lines should not have trailing whitespace."/>
	</file>
	<file name="/Users/admin/Desktop/Jenkins/workspace/TestFlight/flappy felipe/MainMenuState.swift">
		<error line="47" column="0" severity="warning" message="Lines should not have trailing whitespace."/>
	</file>
	<file name="/Users/admin/Desktop/Jenkins/workspace/TestFlight/flappy felipe/MainMenuState.swift">
		<error line="51" column="0" severity="warning" message="Lines should not have trailing whitespace."/>
	</file>
	<file name="/Users/admin/Desktop/Jenkins/workspace/TestFlight/flappy felipe/MainMenuState.swift">
		<error line="53" column="0" severity="warning" message="Lines should not have trailing whitespace."/>
	</file>
	<file name="/Users/admin/Desktop/Jenkins/workspace/TestFlight/flappy felipe/MainMenuState.swift">
		<error line="55" column="0" severity="warning" message="Lines should not have trailing whitespace."/>
	</file>
	<file name="/Users/admin/Desktop/Jenkins/workspace/TestFlight/flappy felipe/MainMenuState.swift">
		<error line="61" column="0" severity="warning" message="Lines should not have trailing whitespace."/>
	</file>
	<file name="/Users/admin/Desktop/Jenkins/workspace/TestFlight/flappy felipe/MainMenuState.swift">
		<error line="67" column="0" severity="warning" message="Lines should not have trailing whitespace."/>
	</file>
	<file name="/Users/admin/Desktop/Jenkins/workspace/TestFlight/flappy felipe/MainMenuState.swift">
		<error line="71" column="0" severity="warning" message="Lines should not have trailing whitespace."/>
	</file>
	<file name="/Users/admin/Desktop/Jenkins/workspace/TestFlight/flappy felipe/MainMenuState.swift">
		<error line="77" column="0" severity="warning" message="Lines should not have trailing whitespace."/>
	</file>
	<file name="/Users/admin/Desktop/Jenkins/workspace/TestFlight/flappy felipe/MainMenuState.swift">
		<error line="81" column="0" severity="warning" message="Lines should not have trailing whitespace."/>
	</file>
	<file name="/Users/admin/Desktop/Jenkins/workspace/TestFlight/flappy felipe/MainMenuState.swift">
		<error line="87" column="0" severity="warning" message="Lines should not have trailing whitespace."/>
	</file>
	<file name="/Users/admin/Desktop/Jenkins/workspace/TestFlight/flappy felipe/MainMenuState.swift">
		<error line="93" column="0" severity="warning" message="Lines should not have trailing whitespace."/>
	</file>
	<file name="/Users/admin/Desktop/Jenkins/workspace/TestFlight/flappy felipe/MainMenuState.swift">
		<error line="97" column="0" severity="warning" message="Lines should not have trailing whitespace."/>
	</file>
	<file name="/Users/admin/Desktop/Jenkins/workspace/TestFlight/flappy felipe/MainMenuState.swift">
		<error line="103" column="0" severity="warning" message="Lines should not have trailing whitespace."/>
	</file>
	<file name="/Users/admin/Desktop/Jenkins/workspace/TestFlight/flappy felipe/MovementComponent.swift">
		<error line="27" column="0" severity="warning" message="Lines should not have trailing whitespace."/>
	</file>
	<file name="/Users/admin/Desktop/Jenkins/workspace/TestFlight/flappy felipe/MovementComponent.swift">
		<error line="29" column="0" severity="warning" message="Lines should not have trailing whitespace."/>
	</file>
	<file name="/Users/admin/Desktop/Jenkins/workspace/TestFlight/flappy felipe/MovementComponent.swift">
		<error line="33" column="0" severity="warning" message="Lines should not have trailing whitespace."/>
	</file>
	<file name="/Users/admin/Desktop/Jenkins/workspace/TestFlight/flappy felipe/MovementComponent.swift">
		<error line="38" column="0" severity="warning" message="Lines should not have trailing whitespace."/>
	</file>
	<file name="/Users/admin/Desktop/Jenkins/workspace/TestFlight/flappy felipe/MovementComponent.swift">
		<error line="41" column="0" severity="warning" message="Lines should not have trailing whitespace."/>
	</file>
	<file name="/Users/admin/Desktop/Jenkins/workspace/TestFlight/flappy felipe/MovementComponent.swift">
		<error line="43" column="0" severity="warning" message="Lines should not have trailing whitespace."/>
	</file>
	<file name="/Users/admin/Desktop/Jenkins/workspace/TestFlight/flappy felipe/MovementComponent.swift">
		<error line="45" column="0" severity="warning" message="Lines should not have trailing whitespace."/>
	</file>
	<file name="/Users/admin/Desktop/Jenkins/workspace/TestFlight/flappy felipe/MovementComponent.swift">
		<error line="48" column="0" severity="warning" message="Lines should not have trailing whitespace."/>
	</file>
	<file name="/Users/admin/Desktop/Jenkins/workspace/TestFlight/flappy felipe/MovementComponent.swift">
		<error line="55" column="0" severity="warning" message="Lines should not have trailing whitespace."/>
	</file>
	<file name="/Users/admin/Desktop/Jenkins/workspace/TestFlight/flappy felipe/MovementComponent.swift">
		<error line="59" column="0" severity="warning" message="Lines should not have trailing whitespace."/>
	</file>
	<file name="/Users/admin/Desktop/Jenkins/workspace/TestFlight/flappy felipe/MovementComponent.swift">
		<error line="68" column="0" severity="warning" message="Lines should not have trailing whitespace."/>
	</file>
	<file name="/Users/admin/Desktop/Jenkins/workspace/TestFlight/flappy felipe/MovementComponent.swift">
		<error line="70" column="0" severity="warning" message="Lines should not have trailing whitespace."/>
	</file>
	<file name="/Users/admin/Desktop/Jenkins/workspace/TestFlight/flappy felipe/MovementComponent.swift">
		<error line="72" column="0" severity="warning" message="Lines should not have trailing whitespace."/>
	</file>
	<file name="/Users/admin/Desktop/Jenkins/workspace/TestFlight/flappy felipe/MovementComponent.swift">
		<error line="74" column="0" severity="warning" message="Lines should not have trailing whitespace."/>
	</file>
	<file name="/Users/admin/Desktop/Jenkins/workspace/TestFlight/flappy felipe/MovementComponent.swift">
		<error line="76" column="0" severity="warning" message="Lines should not have trailing whitespace."/>
	</file>
	<file name="/Users/admin/Desktop/Jenkins/workspace/TestFlight/flappy felipe/MovementComponent.swift">
		<error line="81" column="0" severity="warning" message="Lines should not have trailing whitespace."/>
	</file>
	<file name="/Users/admin/Desktop/Jenkins/workspace/TestFlight/flappy felipe/MovementComponent.swift">
		<error line="84" column="0" severity="warning" message="Lines should not have trailing whitespace."/>
	</file>
	<file name="/Users/admin/Desktop/Jenkins/workspace/TestFlight/flappy felipe/MovementComponent.swift">
		<error line="88" column="0" severity="warning" message="Lines should not have trailing whitespace."/>
	</file>
	<file name="/Users/admin/Desktop/Jenkins/workspace/TestFlight/flappy felipe/MovementComponent.swift">
		<error line="92" column="0" severity="warning" message="Lines should not have trailing whitespace."/>
	</file>
	<file name="/Users/admin/Desktop/Jenkins/workspace/TestFlight/flappy felipe/MovementComponent.swift">
		<error line="96" column="0" severity="warning" message="Lines should not have trailing whitespace."/>
	</file>
	<file name="/Users/admin/Desktop/Jenkins/workspace/TestFlight/flappy felipe/MovementComponent.swift">
		<error line="101" column="0" severity="warning" message="Lines should not have trailing whitespace."/>
	</file>
	<file name="/Users/admin/Desktop/Jenkins/workspace/TestFlight/flappy felipe/MovementComponent.swift">
		<error line="107" column="0" severity="warning" message="Lines should not have trailing whitespace."/>
	</file>
	<file name="/Users/admin/Desktop/Jenkins/workspace/TestFlight/flappy felipe/ObstacleEntity.swift">
		<error line="28" column="0" severity="warning" message="Lines should not have trailing whitespace."/>
	</file>
	<file name="/Users/admin/Desktop/Jenkins/workspace/TestFlight/flappy felipe/ObstacleEntity.swift">
		<error line="31" column="0" severity="warning" message="Lines should not have trailing whitespace."/>
	</file>
	<file name="/Users/admin/Desktop/Jenkins/workspace/TestFlight/flappy felipe/ObstacleEntity.swift">
		<error line="35" column="0" severity="warning" message="Lines should not have trailing whitespace."/>
	</file>
	<file name="/Users/admin/Desktop/Jenkins/workspace/TestFlight/flappy felipe/ObstacleEntity.swift">
		<error line="38" column="0" severity="warning" message="Lines should not have trailing whitespace."/>
	</file>
	<file name="/Users/admin/Desktop/Jenkins/workspace/TestFlight/flappy felipe/PlayerEntity.swift">
		<error line="71" column="73" severity="warning" message="Lines should not have trailing semicolons."/>
	</file>
	<file name="/Users/admin/Desktop/Jenkins/workspace/TestFlight/flappy felipe/PlayerEntity.swift">
		<error line="72" column="74" severity="warning" message="Lines should not have trailing semicolons."/>
	</file>
	<file name="/Users/admin/Desktop/Jenkins/workspace/TestFlight/flappy felipe/PlayerEntity.swift">
		<error line="74" column="31" severity="warning" message="Lines should not have trailing semicolons."/>
	</file>
	<file name="/Users/admin/Desktop/Jenkins/workspace/TestFlight/flappy felipe/PlayerEntity.swift">
		<error line="86" column="24" severity="warning" message="Lines should not have trailing semicolons."/>
	</file>
	<file name="/Users/admin/Desktop/Jenkins/workspace/TestFlight/flappy felipe/PlayerEntity.swift">
		<error line="27" column="0" severity="warning" message="Lines should not have trailing whitespace."/>
	</file>
	<file name="/Users/admin/Desktop/Jenkins/workspace/TestFlight/flappy felipe/PlayerEntity.swift">
		<error line="30" column="0" severity="warning" message="Lines should not have trailing whitespace."/>
	</file>
	<file name="/Users/admin/Desktop/Jenkins/workspace/TestFlight/flappy felipe/PlayerEntity.swift">
		<error line="33" column="0" severity="warning" message="Lines should not have trailing whitespace."/>
	</file>
	<file name="/Users/admin/Desktop/Jenkins/workspace/TestFlight/flappy felipe/PlayerEntity.swift">
		<error line="36" column="0" severity="warning" message="Lines should not have trailing whitespace."/>
	</file>
	<file name="/Users/admin/Desktop/Jenkins/workspace/TestFlight/flappy felipe/PlayerEntity.swift">
		<error line="38" column="0" severity="warning" message="Lines should not have trailing whitespace."/>
	</file>
	<file name="/Users/admin/Desktop/Jenkins/workspace/TestFlight/flappy felipe/PlayerEntity.swift">
		<error line="41" column="0" severity="warning" message="Lines should not have trailing whitespace."/>
	</file>
	<file name="/Users/admin/Desktop/Jenkins/workspace/TestFlight/flappy felipe/PlayerEntity.swift">
		<error line="45" column="0" severity="warning" message="Lines should not have trailing whitespace."/>
	</file>
	<file name="/Users/admin/Desktop/Jenkins/workspace/TestFlight/flappy felipe/PlayerEntity.swift">
		<error line="48" column="0" severity="warning" message="Lines should not have trailing whitespace."/>
	</file>
	<file name="/Users/admin/Desktop/Jenkins/workspace/TestFlight/flappy felipe/PlayerEntity.swift">
		<error line="51" column="0" severity="warning" message="Lines should not have trailing whitespace."/>
	</file>
	<file name="/Users/admin/Desktop/Jenkins/workspace/TestFlight/flappy felipe/PlayerEntity.swift">
		<error line="53" column="0" severity="warning" message="Lines should not have trailing whitespace."/>
	</file>
	<file name="/Users/admin/Desktop/Jenkins/workspace/TestFlight/flappy felipe/PlayerEntity.swift">
		<error line="58" column="0" severity="warning" message="Lines should not have trailing whitespace."/>
	</file>
	<file name="/Users/admin/Desktop/Jenkins/workspace/TestFlight/flappy felipe/PlayerEntity.swift">
		<error line="62" column="0" severity="warning" message="Lines should not have trailing whitespace."/>
	</file>
	<file name="/Users/admin/Desktop/Jenkins/workspace/TestFlight/flappy felipe/PlayerEntity.swift">
		<error line="65" column="0" severity="warning" message="Lines should not have trailing whitespace."/>
	</file>
	<file name="/Users/admin/Desktop/Jenkins/workspace/TestFlight/flappy felipe/PlayerEntity.swift">
		<error line="68" column="0" severity="warning" message="Lines should not have trailing whitespace."/>
	</file>
	<file name="/Users/admin/Desktop/Jenkins/workspace/TestFlight/flappy felipe/PlayerEntity.swift">
		<error line="70" column="0" severity="warning" message="Lines should not have trailing whitespace."/>
	</file>
	<file name="/Users/admin/Desktop/Jenkins/workspace/TestFlight/flappy felipe/PlayerEntity.swift">
		<error line="73" column="0" severity="warning" message="Lines should not have trailing whitespace."/>
	</file>
	<file name="/Users/admin/Desktop/Jenkins/workspace/TestFlight/flappy felipe/PlayerEntity.swift">
		<error line="75" column="0" severity="warning" message="Lines should not have trailing whitespace."/>
	</file>
	<file name="/Users/admin/Desktop/Jenkins/workspace/TestFlight/flappy felipe/PlayerEntity.swift">
		<error line="85" column="0" severity="warning" message="Lines should not have trailing whitespace."/>
	</file>
	<file name="/Users/admin/Desktop/Jenkins/workspace/TestFlight/flappy felipe/PlayerEntity.swift">
		<error line="87" column="0" severity="warning" message="Lines should not have trailing whitespace."/>
	</file>
	<file name="/Users/admin/Desktop/Jenkins/workspace/TestFlight/flappy felipe/PlayerEntity.swift">
		<error line="54" column="19" severity="warning" message="Shorthand syntactic sugar should be used, i.e. [Int] instead of Array&lt;Int&gt;"/>
	</file>
	<file name="/Users/admin/Desktop/Jenkins/workspace/TestFlight/flappy felipe/PlayingState.swift">
		<error line="30" column="24" severity="error" message="Force casts should be avoided."/>
	</file>
	<file name="/Users/admin/Desktop/Jenkins/workspace/TestFlight/flappy felipe/PlayingState.swift">
		<error line="28" column="0" severity="warning" message="Lines should not have trailing whitespace."/>
	</file>
	<file name="/Users/admin/Desktop/Jenkins/workspace/TestFlight/flappy felipe/PlayingState.swift">
		<error line="33" column="0" severity="warning" message="Lines should not have trailing whitespace."/>
	</file>
	<file name="/Users/admin/Desktop/Jenkins/workspace/TestFlight/flappy felipe/PlayingState.swift">
		<error line="36" column="0" severity="warning" message="Lines should not have trailing whitespace."/>
	</file>
	<file name="/Users/admin/Desktop/Jenkins/workspace/TestFlight/flappy felipe/PlayingState.swift">
		<error line="39" column="0" severity="warning" message="Lines should not have trailing whitespace."/>
	</file>
	<file name="/Users/admin/Desktop/Jenkins/workspace/TestFlight/flappy felipe/PlayingState.swift">
		<error line="42" column="0" severity="warning" message="Lines should not have trailing whitespace."/>
	</file>
	<file name="/Users/admin/Desktop/Jenkins/workspace/TestFlight/flappy felipe/PlayingState.swift">
		<error line="46" column="0" severity="warning" message="Lines should not have trailing whitespace."/>
	</file>
	<file name="/Users/admin/Desktop/Jenkins/workspace/TestFlight/flappy felipe/resources/SKTUtils/CGFloat+Extensions.swift">
		<error line="97" column="5" severity="warning" message="if,for,while,do statements shouldn&apos;t wrap their conditionals in parentheses."/>
	</file>
	<file name="/Users/admin/Desktop/Jenkins/workspace/TestFlight/flappy felipe/resources/SKTUtils/CGFloat+Extensions.swift">
		<error line="100" column="5" severity="warning" message="if,for,while,do statements shouldn&apos;t wrap their conditionals in parentheses."/>
	</file>
	<file name="/Users/admin/Desktop/Jenkins/workspace/TestFlight/flappy felipe/resources/SKTUtils/CGFloat+Extensions.swift">
		<error line="26" column="1" severity="error" message="Variable name should be between 3 and 40 characters long: &apos;&apos;"/>
	</file>
	<file name="/Users/admin/Desktop/Jenkins/workspace/TestFlight/flappy felipe/resources/SKTUtils/CGFloat+Extensions.swift">
		<error line="46" column="23" severity="warning" message="Variable name should be between 3 and 40 characters long: &apos;v1&apos;"/>
	</file>
	<file name="/Users/admin/Desktop/Jenkins/workspace/TestFlight/flappy felipe/resources/SKTUtils/CGFloat+Extensions.swift">
		<error line="46" column="38" severity="warning" message="Variable name should be between 3 and 40 characters long: &apos;v2&apos;"/>
	</file>
	<file name="/Users/admin/Desktop/Jenkins/workspace/TestFlight/flappy felipe/resources/SKTUtils/CGFloat+Extensions.swift">
		<error line="55" column="30" severity="warning" message="Variable name should be between 3 and 40 characters long: &apos;v1&apos;"/>
	</file>
	<file name="/Users/admin/Desktop/Jenkins/workspace/TestFlight/flappy felipe/resources/SKTUtils/CGFloat+Extensions.swift">
		<error line="55" column="45" severity="warning" message="Variable name should be between 3 and 40 characters long: &apos;v2&apos;"/>
	</file>
	<file name="/Users/admin/Desktop/Jenkins/workspace/TestFlight/flappy felipe/resources/SKTUtils/CGPoint+Extensions.swift">
		<error line="45" column="31" severity="warning" message="Variable name should be between 3 and 40 characters long: &apos;dx&apos;"/>
	</file>
	<file name="/Users/admin/Desktop/Jenkins/workspace/TestFlight/flappy felipe/resources/SKTUtils/CGPoint+Extensions.swift">
		<error line="45" column="44" severity="warning" message="Variable name should be between 3 and 40 characters long: &apos;dy&apos;"/>
	</file>
	<file name="/Users/admin/Desktop/Jenkins/workspace/TestFlight/flappy felipe/resources/SKTUtils/CGPoint+Extensions.swift">
		<error line="243" column="48" severity="error" message="Variable name should be between 3 and 40 characters long: &apos;t&apos;"/>
	</file>
	<file name="/Users/admin/Desktop/Jenkins/workspace/TestFlight/flappy felipe/resources/SKTUtils/CGVector+Extensions.swift">
		<error line="33" column="0" severity="warning" message="Lines should not have trailing whitespace."/>
	</file>
	<file name="/Users/admin/Desktop/Jenkins/workspace/TestFlight/flappy felipe/resources/SKTUtils/CGVector+Extensions.swift">
		<error line="45" column="31" severity="warning" message="Variable name should be between 3 and 40 characters long: &apos;dx&apos;"/>
	</file>
	<file name="/Users/admin/Desktop/Jenkins/workspace/TestFlight/flappy felipe/resources/SKTUtils/CGVector+Extensions.swift">
		<error line="45" column="44" severity="warning" message="Variable name should be between 3 and 40 characters long: &apos;dy&apos;"/>
	</file>
	<file name="/Users/admin/Desktop/Jenkins/workspace/TestFlight/flappy felipe/resources/SKTUtils/CGVector+Extensions.swift">
		<error line="187" column="50" severity="error" message="Variable name should be between 3 and 40 characters long: &apos;t&apos;"/>
	</file>
	<file name="/Users/admin/Desktop/Jenkins/workspace/TestFlight/flappy felipe/resources/SKTUtils/Int+Extensions.swift">
		<error line="44" column="23" severity="warning" message="Variable name should be between 3 and 40 characters long: &apos;v1&apos;"/>
	</file>
	<file name="/Users/admin/Desktop/Jenkins/workspace/TestFlight/flappy felipe/resources/SKTUtils/Int+Extensions.swift">
		<error line="44" column="34" severity="warning" message="Variable name should be between 3 and 40 characters long: &apos;v2&apos;"/>
	</file>
	<file name="/Users/admin/Desktop/Jenkins/workspace/TestFlight/flappy felipe/resources/SKTUtils/Int+Extensions.swift">
		<error line="53" column="30" severity="warning" message="Variable name should be between 3 and 40 characters long: &apos;v1&apos;"/>
	</file>
	<file name="/Users/admin/Desktop/Jenkins/workspace/TestFlight/flappy felipe/resources/SKTUtils/Int+Extensions.swift">
		<error line="53" column="41" severity="warning" message="Variable name should be between 3 and 40 characters long: &apos;v2&apos;"/>
	</file>
	<file name="/Users/admin/Desktop/Jenkins/workspace/TestFlight/flappy felipe/resources/SKTUtils/Int+Extensions.swift">
		<error line="68" column="29" severity="error" message="Variable name should be between 3 and 40 characters long: &apos;n&apos;"/>
	</file>
	<file name="/Users/admin/Desktop/Jenkins/workspace/TestFlight/flappy felipe/resources/SKTUtils/SKAction+Extensions.swift">
		<error line="36" column="85" severity="warning" message="Prefer `-&gt; Void` over `-&gt; ()`."/>
	</file>
	<file name="/Users/admin/Desktop/Jenkins/workspace/TestFlight/flappy felipe/resources/SKTUtils/SKAction+SpecialEffects.swift">
		<error line="86" column="60" severity="warning" message="Unused parameter &quot;node&quot; in a closure should be replaced with _."/>
	</file>
	<file name="/Users/admin/Desktop/Jenkins/workspace/TestFlight/flappy felipe/resources/SKTUtils/SKAction+SpecialEffects.swift">
		<error line="37" column="0" severity="warning" message="Lines should not have trailing whitespace."/>
	</file>
	<file name="/Users/admin/Desktop/Jenkins/workspace/TestFlight/flappy felipe/resources/SKTUtils/SKAction+SpecialEffects.swift">
		<error line="56" column="0" severity="warning" message="Lines should not have trailing whitespace."/>
	</file>
	<file name="/Users/admin/Desktop/Jenkins/workspace/TestFlight/flappy felipe/resources/SKTUtils/SKAction+SpecialEffects.swift">
		<error line="75" column="0" severity="warning" message="Lines should not have trailing whitespace."/>
	</file>
	<file name="/Users/admin/Desktop/Jenkins/workspace/TestFlight/flappy felipe/resources/SKTUtils/SKAction+SpecialEffects.swift">
		<error line="34" column="0" severity="warning" message="Line should be 120 characters or less: currently 129 characters"/>
	</file>
	<file name="/Users/admin/Desktop/Jenkins/workspace/TestFlight/flappy felipe/resources/SKTUtils/SKAction+SpecialEffects.swift">
		<error line="53" column="0" severity="warning" message="Line should be 120 characters or less: currently 129 characters"/>
	</file>
	<file name="/Users/admin/Desktop/Jenkins/workspace/TestFlight/flappy felipe/resources/SKTUtils/SKAction+SpecialEffects.swift">
		<error line="72" column="0" severity="warning" message="Line should be 120 characters or less: currently 128 characters"/>
	</file>
	<file name="/Users/admin/Desktop/Jenkins/workspace/TestFlight/flappy felipe/resources/SKTUtils/SKAction+SpecialEffects.swift">
		<error line="88" column="0" severity="warning" message="Line should be 120 characters or less: currently 142 characters"/>
	</file>
	<file name="/Users/admin/Desktop/Jenkins/workspace/TestFlight/flappy felipe/resources/SKTUtils/SKColor+Extensions.swift">
		<error line="25" column="28" severity="error" message="Variable name should be between 3 and 40 characters long: &apos;r&apos;"/>
	</file>
	<file name="/Users/admin/Desktop/Jenkins/workspace/TestFlight/flappy felipe/resources/SKTUtils/SKColor+Extensions.swift">
		<error line="25" column="38" severity="error" message="Variable name should be between 3 and 40 characters long: &apos;g&apos;"/>
	</file>
	<file name="/Users/admin/Desktop/Jenkins/workspace/TestFlight/flappy felipe/resources/SKTUtils/SKColor+Extensions.swift">
		<error line="25" column="46" severity="error" message="Variable name should be between 3 and 40 characters long: &apos;b&apos;"/>
	</file>
	<file name="/Users/admin/Desktop/Jenkins/workspace/TestFlight/flappy felipe/resources/SKTUtils/SKColor+Extensions.swift">
		<error line="29" column="29" severity="error" message="Variable name should be between 3 and 40 characters long: &apos;r&apos;"/>
	</file>
	<file name="/Users/admin/Desktop/Jenkins/workspace/TestFlight/flappy felipe/resources/SKTUtils/SKColor+Extensions.swift">
		<error line="29" column="39" severity="error" message="Variable name should be between 3 and 40 characters long: &apos;g&apos;"/>
	</file>
	<file name="/Users/admin/Desktop/Jenkins/workspace/TestFlight/flappy felipe/resources/SKTUtils/SKColor+Extensions.swift">
		<error line="29" column="47" severity="error" message="Variable name should be between 3 and 40 characters long: &apos;b&apos;"/>
	</file>
	<file name="/Users/admin/Desktop/Jenkins/workspace/TestFlight/flappy felipe/resources/SKTUtils/SKColor+Extensions.swift">
		<error line="29" column="55" severity="error" message="Variable name should be between 3 and 40 characters long: &apos;a&apos;"/>
	</file>
	<file name="/Users/admin/Desktop/Jenkins/workspace/TestFlight/flappy felipe/resources/SKTUtils/SKNode+Extensions.swift">
		<error line="42" column="79" severity="warning" message="Prefer `-&gt; Void` over `-&gt; ()`."/>
	</file>
	<file name="/Users/admin/Desktop/Jenkins/workspace/TestFlight/flappy felipe/resources/SKTUtils/SKNode+Extensions.swift">
		<error line="50" column="31" severity="warning" message="Opening braces should be preceded by a single space and on the same line as the declaration."/>
	</file>
	<file name="/Users/admin/Desktop/Jenkins/workspace/TestFlight/flappy felipe/resources/SKTUtils/SKTAudio.swift">
		<error line="39" column="5" severity="warning" message="if,for,while,do statements shouldn&apos;t wrap their conditionals in parentheses."/>
	</file>
	<file name="/Users/admin/Desktop/Jenkins/workspace/TestFlight/flappy felipe/resources/SKTUtils/SKTAudio.swift">
		<error line="78" column="5" severity="warning" message="if,for,while,do statements shouldn&apos;t wrap their conditionals in parentheses."/>
	</file>
	<file name="/Users/admin/Desktop/Jenkins/workspace/TestFlight/flappy felipe/resources/SKTUtils/SKTEffects.swift">
		<error line="124" column="67" severity="warning" message="Unused parameter &quot;node&quot; in a closure should be replaced with _."/>
	</file>
	<file name="/Users/admin/Desktop/Jenkins/workspace/TestFlight/flappy felipe/resources/SKTUtils/SKTEffects.swift">
		<error line="54" column="0" severity="warning" message="Lines should not have trailing whitespace."/>
	</file>
	<file name="/Users/admin/Desktop/Jenkins/workspace/TestFlight/flappy felipe/resources/SKTUtils/SKTEffects.swift">
		<error line="61" column="0" severity="warning" message="Lines should not have trailing whitespace."/>
	</file>
	<file name="/Users/admin/Desktop/Jenkins/workspace/TestFlight/flappy felipe/resources/SKTUtils/SKTEffects.swift">
		<error line="42" column="20" severity="error" message="Variable name should be between 3 and 40 characters long: &apos;t&apos;"/>
	</file>
	<file name="/Users/admin/Desktop/Jenkins/workspace/TestFlight/flappy felipe/resources/SKTUtils/SKTEffects.swift">
		<error line="62" column="29" severity="error" message="Variable name should be between 3 and 40 characters long: &apos;t&apos;"/>
	</file>
	<file name="/Users/admin/Desktop/Jenkins/workspace/TestFlight/flappy felipe/resources/SKTUtils/SKTEffects.swift">
		<error line="87" column="29" severity="error" message="Variable name should be between 3 and 40 characters long: &apos;t&apos;"/>
	</file>
	<file name="/Users/admin/Desktop/Jenkins/workspace/TestFlight/flappy felipe/resources/SKTUtils/SKTEffects.swift">
		<error line="111" column="29" severity="error" message="Variable name should be between 3 and 40 characters long: &apos;t&apos;"/>
	</file>
	<file name="/Users/admin/Desktop/Jenkins/workspace/TestFlight/flappy felipe/resources/SKTUtils/SKTTimingFunctions.swift">
		<error line="29" column="37" severity="error" message="Variable name should be between 3 and 40 characters long: &apos;t&apos;"/>
	</file>
	<file name="/Users/admin/Desktop/Jenkins/workspace/TestFlight/flappy felipe/resources/SKTUtils/SKTTimingFunctions.swift">
		<error line="33" column="46" severity="error" message="Variable name should be between 3 and 40 characters long: &apos;t&apos;"/>
	</file>
	<file name="/Users/admin/Desktop/Jenkins/workspace/TestFlight/flappy felipe/resources/SKTUtils/SKTTimingFunctions.swift">
		<error line="37" column="47" severity="error" message="Variable name should be between 3 and 40 characters long: &apos;t&apos;"/>
	</file>
	<file name="/Users/admin/Desktop/Jenkins/workspace/TestFlight/flappy felipe/resources/SKTUtils/SKTTimingFunctions.swift">
		<error line="41" column="49" severity="error" message="Variable name should be between 3 and 40 characters long: &apos;t&apos;"/>
	</file>
	<file name="/Users/admin/Desktop/Jenkins/workspace/TestFlight/flappy felipe/resources/SKTUtils/SKTTimingFunctions.swift">
		<error line="50" column="35" severity="error" message="Variable name should be between 3 and 40 characters long: &apos;t&apos;"/>
	</file>
	<file name="/Users/admin/Desktop/Jenkins/workspace/TestFlight/flappy felipe/resources/SKTUtils/SKTTimingFunctions.swift">
		<error line="54" column="36" severity="error" message="Variable name should be between 3 and 40 characters long: &apos;t&apos;"/>
	</file>
	<file name="/Users/admin/Desktop/Jenkins/workspace/TestFlight/flappy felipe/resources/SKTUtils/SKTTimingFunctions.swift">
		<error line="59" column="45" severity="error" message="Variable name should be between 3 and 40 characters long: &apos;t&apos;"/>
	</file>
	<file name="/Users/admin/Desktop/Jenkins/workspace/TestFlight/flappy felipe/resources/SKTUtils/SKTTimingFunctions.swift">
		<error line="68" column="44" severity="error" message="Variable name should be between 3 and 40 characters long: &apos;t&apos;"/>
	</file>
	<file name="/Users/admin/Desktop/Jenkins/workspace/TestFlight/flappy felipe/resources/SKTUtils/SKTTimingFunctions.swift">
		<error line="72" column="45" severity="error" message="Variable name should be between 3 and 40 characters long: &apos;t&apos;"/>
	</file>
	<file name="/Users/admin/Desktop/Jenkins/workspace/TestFlight/flappy felipe/resources/SKTUtils/SKTTimingFunctions.swift">
		<error line="77" column="47" severity="error" message="Variable name should be between 3 and 40 characters long: &apos;t&apos;"/>
	</file>
	<file name="/Users/admin/Desktop/Jenkins/workspace/TestFlight/flappy felipe/resources/SKTUtils/SKTTimingFunctions.swift">
		<error line="86" column="44" severity="error" message="Variable name should be between 3 and 40 characters long: &apos;t&apos;"/>
	</file>
	<file name="/Users/admin/Desktop/Jenkins/workspace/TestFlight/flappy felipe/resources/SKTUtils/SKTTimingFunctions.swift">
		<error line="90" column="45" severity="error" message="Variable name should be between 3 and 40 characters long: &apos;t&apos;"/>
	</file>
	<file name="/Users/admin/Desktop/Jenkins/workspace/TestFlight/flappy felipe/resources/SKTUtils/SKTTimingFunctions.swift">
		<error line="95" column="40" severity="error" message="Variable name should be between 3 and 40 characters long: &apos;t&apos;"/>
	</file>
	<file name="/Users/admin/Desktop/Jenkins/workspace/TestFlight/flappy felipe/resources/SKTUtils/SKTTimingFunctions.swift">
		<error line="104" column="41" severity="error" message="Variable name should be between 3 and 40 characters long: &apos;t&apos;"/>
	</file>
	<file name="/Users/admin/Desktop/Jenkins/workspace/TestFlight/flappy felipe/resources/SKTUtils/SKTTimingFunctions.swift">
		<error line="108" column="42" severity="error" message="Variable name should be between 3 and 40 characters long: &apos;t&apos;"/>
	</file>
	<file name="/Users/admin/Desktop/Jenkins/workspace/TestFlight/flappy felipe/resources/SKTUtils/SKTTimingFunctions.swift">
		<error line="112" column="44" severity="error" message="Variable name should be between 3 and 40 characters long: &apos;t&apos;"/>
	</file>
	<file name="/Users/admin/Desktop/Jenkins/workspace/TestFlight/flappy felipe/resources/SKTUtils/SKTTimingFunctions.swift">
		<error line="116" column="45" severity="error" message="Variable name should be between 3 and 40 characters long: &apos;t&apos;"/>
	</file>
	<file name="/Users/admin/Desktop/Jenkins/workspace/TestFlight/flappy felipe/resources/SKTUtils/SKTTimingFunctions.swift">
		<error line="120" column="46" severity="error" message="Variable name should be between 3 and 40 characters long: &apos;t&apos;"/>
	</file>
	<file name="/Users/admin/Desktop/Jenkins/workspace/TestFlight/flappy felipe/resources/SKTUtils/SKTTimingFunctions.swift">
		<error line="124" column="48" severity="error" message="Variable name should be between 3 and 40 characters long: &apos;t&apos;"/>
	</file>
	<file name="/Users/admin/Desktop/Jenkins/workspace/TestFlight/flappy felipe/resources/SKTUtils/SKTTimingFunctions.swift">
		<error line="132" column="48" severity="error" message="Variable name should be between 3 and 40 characters long: &apos;t&apos;"/>
	</file>
	<file name="/Users/admin/Desktop/Jenkins/workspace/TestFlight/flappy felipe/resources/SKTUtils/SKTTimingFunctions.swift">
		<error line="136" column="49" severity="error" message="Variable name should be between 3 and 40 characters long: &apos;t&apos;"/>
	</file>
	<file name="/Users/admin/Desktop/Jenkins/workspace/TestFlight/flappy felipe/resources/SKTUtils/SKTTimingFunctions.swift">
		<error line="140" column="51" severity="error" message="Variable name should be between 3 and 40 characters long: &apos;t&apos;"/>
	</file>
	<file name="/Users/admin/Desktop/Jenkins/workspace/TestFlight/flappy felipe/resources/SKTUtils/SKTTimingFunctions.swift">
		<error line="150" column="44" severity="error" message="Variable name should be between 3 and 40 characters long: &apos;t&apos;"/>
	</file>
	<file name="/Users/admin/Desktop/Jenkins/workspace/TestFlight/flappy felipe/resources/SKTUtils/SKTTimingFunctions.swift">
		<error line="154" column="45" severity="error" message="Variable name should be between 3 and 40 characters long: &apos;t&apos;"/>
	</file>
	<file name="/Users/admin/Desktop/Jenkins/workspace/TestFlight/flappy felipe/resources/SKTUtils/SKTTimingFunctions.swift">
		<error line="158" column="47" severity="error" message="Variable name should be between 3 and 40 characters long: &apos;t&apos;"/>
	</file>
	<file name="/Users/admin/Desktop/Jenkins/workspace/TestFlight/flappy felipe/resources/SKTUtils/SKTTimingFunctions.swift">
		<error line="166" column="41" severity="error" message="Variable name should be between 3 and 40 characters long: &apos;t&apos;"/>
	</file>
	<file name="/Users/admin/Desktop/Jenkins/workspace/TestFlight/flappy felipe/resources/SKTUtils/SKTTimingFunctions.swift">
		<error line="171" column="42" severity="error" message="Variable name should be between 3 and 40 characters long: &apos;t&apos;"/>
	</file>
	<file name="/Users/admin/Desktop/Jenkins/workspace/TestFlight/flappy felipe/resources/SKTUtils/SKTTimingFunctions.swift">
		<error line="177" column="44" severity="error" message="Variable name should be between 3 and 40 characters long: &apos;t&apos;"/>
	</file>
	<file name="/Users/admin/Desktop/Jenkins/workspace/TestFlight/flappy felipe/resources/SKTUtils/SKTTimingFunctions.swift">
		<error line="188" column="48" severity="error" message="Variable name should be between 3 and 40 characters long: &apos;t&apos;"/>
	</file>
	<file name="/Users/admin/Desktop/Jenkins/workspace/TestFlight/flappy felipe/resources/SKTUtils/SKTTimingFunctions.swift">
		<error line="192" column="49" severity="error" message="Variable name should be between 3 and 40 characters long: &apos;t&apos;"/>
	</file>
	<file name="/Users/admin/Desktop/Jenkins/workspace/TestFlight/flappy felipe/resources/SKTUtils/SKTTimingFunctions.swift">
		<error line="197" column="51" severity="error" message="Variable name should be between 3 and 40 characters long: &apos;t&apos;"/>
	</file>
	<file name="/Users/admin/Desktop/Jenkins/workspace/TestFlight/flappy felipe/resources/SKTUtils/SKTTimingFunctions.swift">
		<error line="207" column="43" severity="error" message="Variable name should be between 3 and 40 characters long: &apos;t&apos;"/>
	</file>
	<file name="/Users/admin/Desktop/Jenkins/workspace/TestFlight/flappy felipe/resources/SKTUtils/SKTTimingFunctions.swift">
		<error line="211" column="44" severity="error" message="Variable name should be between 3 and 40 characters long: &apos;t&apos;"/>
	</file>
	<file name="/Users/admin/Desktop/Jenkins/workspace/TestFlight/flappy felipe/resources/SKTUtils/SKTTimingFunctions.swift">
		<error line="226" column="46" severity="error" message="Variable name should be between 3 and 40 characters long: &apos;t&apos;"/>
	</file>
	<file name="/Users/admin/Desktop/Jenkins/workspace/TestFlight/flappy felipe/resources/SKTUtils/SKTTimingFunctions.swift">
		<error line="234" column="41" severity="error" message="Variable name should be between 3 and 40 characters long: &apos;t&apos;"/>
	</file>
	<file name="/Users/admin/Desktop/Jenkins/workspace/TestFlight/flappy felipe/resources/SKTUtils/SKTTimingFunctions.swift">
		<error line="239" column="11" severity="error" message="Variable name should be between 3 and 40 characters long: &apos;t&apos;"/>
	</file>
	<file name="/Users/admin/Desktop/Jenkins/workspace/TestFlight/flappy felipe/resources/SKTUtils/Vector3.swift">
		<error line="29" column="0" severity="warning" message="Lines should not have trailing whitespace."/>
	</file>
	<file name="/Users/admin/Desktop/Jenkins/workspace/TestFlight/flappy felipe/resources/SKTUtils/Vector3.swift">
		<error line="48" column="0" severity="warning" message="Lines should not have trailing whitespace."/>
	</file>
	<file name="/Users/admin/Desktop/Jenkins/workspace/TestFlight/flappy felipe/resources/SKTUtils/Vector3.swift">
		<error line="55" column="0" severity="warning" message="Lines should not have trailing whitespace."/>
	</file>
	<file name="/Users/admin/Desktop/Jenkins/workspace/TestFlight/flappy felipe/resources/SKTUtils/Vector3.swift">
		<error line="63" column="0" severity="warning" message="Lines should not have trailing whitespace."/>
	</file>
	<file name="/Users/admin/Desktop/Jenkins/workspace/TestFlight/flappy felipe/resources/SKTUtils/Vector3.swift">
		<error line="73" column="0" severity="warning" message="Lines should not have trailing whitespace."/>
	</file>
	<file name="/Users/admin/Desktop/Jenkins/workspace/TestFlight/flappy felipe/resources/SKTUtils/Vector3.swift">
		<error line="80" column="0" severity="warning" message="Lines should not have trailing whitespace."/>
	</file>
	<file name="/Users/admin/Desktop/Jenkins/workspace/TestFlight/flappy felipe/resources/SKTUtils/Vector3.swift">
		<error line="26" column="3" severity="error" message="Variable name should be between 3 and 40 characters long: &apos;x&apos;"/>
	</file>
	<file name="/Users/admin/Desktop/Jenkins/workspace/TestFlight/flappy felipe/resources/SKTUtils/Vector3.swift">
		<error line="27" column="3" severity="error" message="Variable name should be between 3 and 40 characters long: &apos;y&apos;"/>
	</file>
	<file name="/Users/admin/Desktop/Jenkins/workspace/TestFlight/flappy felipe/resources/SKTUtils/Vector3.swift">
		<error line="28" column="3" severity="error" message="Variable name should be between 3 and 40 characters long: &apos;z&apos;"/>
	</file>
	<file name="/Users/admin/Desktop/Jenkins/workspace/TestFlight/flappy felipe/resources/SKTUtils/Vector3.swift">
		<error line="30" column="15" severity="error" message="Variable name should be between 3 and 40 characters long: &apos;x&apos;"/>
	</file>
	<file name="/Users/admin/Desktop/Jenkins/workspace/TestFlight/flappy felipe/resources/SKTUtils/Vector3.swift">
		<error line="30" column="27" severity="error" message="Variable name should be between 3 and 40 characters long: &apos;y&apos;"/>
	</file>
	<file name="/Users/admin/Desktop/Jenkins/workspace/TestFlight/flappy felipe/resources/SKTUtils/Vector3.swift">
		<error line="30" column="39" severity="error" message="Variable name should be between 3 and 40 characters long: &apos;z&apos;"/>
	</file>
	<file name="/Users/admin/Desktop/Jenkins/workspace/TestFlight/flappy felipe/SpriteComponent.swift">
		<error line="28" column="0" severity="warning" message="Lines should not have trailing whitespace."/>
	</file>
	<file name="/Users/admin/Desktop/Jenkins/workspace/TestFlight/flappy felipe/SpriteComponent.swift">
		<error line="32" column="0" severity="warning" message="Lines should not have trailing whitespace."/>
	</file>
	<file name="/Users/admin/Desktop/Jenkins/workspace/TestFlight/flappy felipe/TutorialState.swift">
		<error line="30" column="24" severity="error" message="Force casts should be avoided."/>
	</file>
	<file name="/Users/admin/Desktop/Jenkins/workspace/TestFlight/flappy felipe/TutorialState.swift">
		<error line="40" column="78" severity="warning" message="Unused parameter &quot;stop&quot; in a closure should be replaced with _."/>
	</file>
	<file name="/Users/admin/Desktop/Jenkins/workspace/TestFlight/flappy felipe/TutorialState.swift">
		<error line="28" column="0" severity="warning" message="Lines should not have trailing whitespace."/>
	</file>
	<file name="/Users/admin/Desktop/Jenkins/workspace/TestFlight/flappy felipe/TutorialState.swift">
		<error line="33" column="0" severity="warning" message="Lines should not have trailing whitespace."/>
	</file>
	<file name="/Users/admin/Desktop/Jenkins/workspace/TestFlight/flappy felipe/TutorialState.swift">
		<error line="37" column="0" severity="warning" message="Lines should not have trailing whitespace."/>
	</file>
	<file name="/Users/admin/Desktop/Jenkins/workspace/TestFlight/flappy felipe/TutorialState.swift">
		<error line="47" column="0" severity="warning" message="Lines should not have trailing whitespace."/>
	</file>
	<file name="/Users/admin/Desktop/Jenkins/workspace/TestFlight/flappy felipe/TutorialState.swift">
		<error line="51" column="0" severity="warning" message="Lines should not have trailing whitespace."/>
	</file>
	<file name="/Users/admin/Desktop/Jenkins/workspace/TestFlight/flappy felipe/TutorialState.swift">
		<error line="53" column="0" severity="warning" message="Lines should not have trailing whitespace."/>
	</file>
	<file name="/Users/admin/Desktop/Jenkins/workspace/TestFlight/flappy felipe/TutorialState.swift">
		<error line="55" column="0" severity="warning" message="Lines should not have trailing whitespace."/>
	</file>
	<file name="/Users/admin/Desktop/Jenkins/workspace/TestFlight/flappy felipe/TutorialState.swift">
		<error line="61" column="0" severity="warning" message="Lines should not have trailing whitespace."/>
	</file>
	<file name="/Users/admin/Desktop/Jenkins/workspace/TestFlight/flappy felipe/TutorialState.swift">
		<error line="67" column="0" severity="warning" message="Lines should not have trailing whitespace."/>
	</file>
	<file name="/Users/admin/Desktop/Jenkins/workspace/TestFlight/flappy felipe/TutorialState.swift">
		<error line="73" column="0" severity="warning" message="Lines should not have trailing whitespace."/>
	</file>
	<file name="/Users/admin/Desktop/Jenkins/workspace/TestFlight/flappy felipe tv/AppDelegate.swift">
		<error line="30" column="0" severity="warning" message="Limit vertical whitespace to a single empty line. Currently 2."/>
	</file>
	<file name="/Users/admin/Desktop/Jenkins/workspace/TestFlight/flappy felipe tv/AppDelegate.swift">
		<error line="58" column="0" severity="warning" message="Limit vertical whitespace to a single empty line. Currently 2."/>
	</file>
	<file name="/Users/admin/Desktop/Jenkins/workspace/TestFlight/flappy felipe tv/AppDelegate.swift">
		<error line="27" column="0" severity="warning" message="Lines should not have trailing whitespace."/>
	</file>
	<file name="/Users/admin/Desktop/Jenkins/workspace/TestFlight/flappy felipe tv/AppDelegate.swift">
		<error line="29" column="0" severity="warning" message="Lines should not have trailing whitespace."/>
	</file>
	<file name="/Users/admin/Desktop/Jenkins/workspace/TestFlight/flappy felipe tv/AppDelegate.swift">
		<error line="30" column="0" severity="warning" message="Lines should not have trailing whitespace."/>
	</file>
	<file name="/Users/admin/Desktop/Jenkins/workspace/TestFlight/flappy felipe tv/AppDelegate.swift">
		<error line="35" column="0" severity="warning" message="Lines should not have trailing whitespace."/>
	</file>
	<file name="/Users/admin/Desktop/Jenkins/workspace/TestFlight/flappy felipe tv/AppDelegate.swift">
		<error line="40" column="0" severity="warning" message="Lines should not have trailing whitespace."/>
	</file>
	<file name="/Users/admin/Desktop/Jenkins/workspace/TestFlight/flappy felipe tv/AppDelegate.swift">
		<error line="45" column="0" severity="warning" message="Lines should not have trailing whitespace."/>
	</file>
	<file name="/Users/admin/Desktop/Jenkins/workspace/TestFlight/flappy felipe tv/AppDelegate.swift">
		<error line="49" column="0" severity="warning" message="Lines should not have trailing whitespace."/>
	</file>
	<file name="/Users/admin/Desktop/Jenkins/workspace/TestFlight/flappy felipe tv/AppDelegate.swift">
		<error line="53" column="0" severity="warning" message="Lines should not have trailing whitespace."/>
	</file>
	<file name="/Users/admin/Desktop/Jenkins/workspace/TestFlight/flappy felipe tv/AppDelegate.swift">
		<error line="57" column="0" severity="warning" message="Lines should not have trailing whitespace."/>
	</file>
	<file name="/Users/admin/Desktop/Jenkins/workspace/TestFlight/flappy felipe tv/AppDelegate.swift">
		<error line="58" column="0" severity="warning" message="Lines should not have trailing whitespace."/>
	</file>
	<file name="/Users/admin/Desktop/Jenkins/workspace/TestFlight/flappy felipe tv/AppDelegate.swift">
		<error line="59" column="0" severity="warning" message="Files should have a single trailing newline."/>
	</file>
	<file name="/Users/admin/Desktop/Jenkins/workspace/TestFlight/flappy felipe tv/AppDelegate.swift">
		<error line="31" column="0" severity="warning" message="Line should be 120 characters or less: currently 125 characters"/>
	</file>
	<file name="/Users/admin/Desktop/Jenkins/workspace/TestFlight/flappy felipe tv/AppDelegate.swift">
		<error line="37" column="0" severity="error" message="Line should be 120 characters or less: currently 281 characters"/>
	</file>
	<file name="/Users/admin/Desktop/Jenkins/workspace/TestFlight/flappy felipe tv/AppDelegate.swift">
		<error line="38" column="0" severity="warning" message="Line should be 120 characters or less: currently 151 characters"/>
	</file>
	<file name="/Users/admin/Desktop/Jenkins/workspace/TestFlight/flappy felipe tv/AppDelegate.swift">
		<error line="42" column="0" severity="error" message="Line should be 120 characters or less: currently 214 characters"/>
	</file>
	<file name="/Users/admin/Desktop/Jenkins/workspace/TestFlight/flappy felipe tv/AppDelegate.swift">
		<error line="43" column="0" severity="warning" message="Line should be 120 characters or less: currently 137 characters"/>
	</file>
	<file name="/Users/admin/Desktop/Jenkins/workspace/TestFlight/flappy felipe tv/AppDelegate.swift">
		<error line="47" column="0" severity="warning" message="Line should be 120 characters or less: currently 153 characters"/>
	</file>
	<file name="/Users/admin/Desktop/Jenkins/workspace/TestFlight/flappy felipe tv/AppDelegate.swift">
		<error line="51" column="0" severity="warning" message="Line should be 120 characters or less: currently 190 characters"/>
	</file>
	<file name="/Users/admin/Desktop/Jenkins/workspace/TestFlight/flappy felipe tv/AppDelegate.swift">
		<error line="55" column="0" severity="warning" message="Line should be 120 characters or less: currently 124 characters"/>
	</file>
	<file name="/Users/admin/Desktop/Jenkins/workspace/TestFlight/flappy felipe tv/GameScene+TV.swift">
		<error line="31" column="0" severity="warning" message="Lines should not have trailing whitespace."/>
	</file>
	<file name="/Users/admin/Desktop/Jenkins/workspace/TestFlight/flappy felipe tv/GameScene+TV.swift">
		<error line="46" column="0" severity="warning" message="Files should have a single trailing newline."/>
	</file>
	<file name="/Users/admin/Desktop/Jenkins/workspace/TestFlight/flappy felipe tv/GameViewController.swift">
		<error line="27" column="0" severity="warning" message="Lines should not have trailing whitespace."/>
	</file>
	<file name="/Users/admin/Desktop/Jenkins/workspace/TestFlight/flappy felipe tv/GameViewController.swift">
		<error line="30" column="0" severity="warning" message="Lines should not have trailing whitespace."/>
	</file>
	<file name="/Users/admin/Desktop/Jenkins/workspace/TestFlight/flappy felipe tv/GameViewController.swift">
		<error line="33" column="0" severity="warning" message="Lines should not have trailing whitespace."/>
	</file>
	<file name="/Users/admin/Desktop/Jenkins/workspace/TestFlight/flappy felipe tv/GameViewController.swift">
		<error line="37" column="0" severity="warning" message="Lines should not have trailing whitespace."/>
	</file>
	<file name="/Users/admin/Desktop/Jenkins/workspace/TestFlight/flappy felipe tv/GameViewController.swift">
		<error line="42" column="0" severity="warning" message="Lines should not have trailing whitespace."/>
	</file>
	<file name="/Users/admin/Desktop/Jenkins/workspace/TestFlight/flappy felipe tv/GameViewController.swift">
		<error line="44" column="0" severity="warning" message="Lines should not have trailing whitespace."/>
	</file>
	<file name="/Users/admin/Desktop/Jenkins/workspace/TestFlight/flappy felipe tv/GameViewController.swift">
		<error line="49" column="0" severity="warning" message="Lines should not have trailing whitespace."/>
	</file>
	<file name="/Users/admin/Desktop/Jenkins/workspace/TestFlight/flappy felipe tv/GameViewController.swift">
		<error line="57" column="0" severity="warning" message="Lines should not have trailing whitespace."/>
	</file>
	<file name="/Users/admin/Desktop/Jenkins/workspace/TestFlight/flappy felipe tv/GameViewController.swift">
		<error line="61" column="0" severity="warning" message="Files should have a single trailing newline."/>
	</file>
	<file name="/Users/admin/Desktop/Jenkins/workspace/TestFlight/flappy felipe tv/GameViewController.swift">
		<error line="36" column="0" severity="warning" message="Line should be 120 characters or less: currently 129 characters"/>
	</file>
</checkstyle>
